  main.cpp
C:\Users\Vanessa\Documents\GRAFICAS\OGL_TEMPLATE\OGL_ENGINE\OGL_ENGINE\include\engine\shader_m.h(44,40): warning C4101: 'e': variable local sin referencia
C:\Users\Vanessa\Documents\GRAFICAS\OGL_TEMPLATE\OGL_ENGINE\OGL_ENGINE\include\engine\camera.h(76,1): warning C4305: 'argumento': truncamiento de 'double' a 'T'
          with
          [
              T=float
          ]
C:\Users\Vanessa\Documents\GRAFICAS\OGL_TEMPLATE\OGL_ENGINE\OGL_ENGINE\include\engine\Billboard.h(34,26): warning C4244: '*=': conversión de 'double' a 'T'; posible pérdida de datos
          with
          [
              T=float
          ]
C:\Users\Vanessa\Documents\GRAFICAS\OGL_TEMPLATE\OGL_ENGINE\OGL_ENGINE\include\engine\Billboard.h(35,26): warning C4244: '*=': conversión de 'double' a 'T'; posible pérdida de datos
          with
          [
              T=float
          ]
C:\Users\Vanessa\Documents\GRAFICAS\OGL_TEMPLATE\OGL_ENGINE\OGL_ENGINE\include\engine\Billboard.h(96,22): warning C4244: '=': conversión de 'int' a 'float'; posible pérdida de datos
C:\Users\Vanessa\Documents\GRAFICAS\OGL_TEMPLATE\OGL_ENGINE\OGL_ENGINE\include\engine\Billboard.h(97,23): warning C4244: '=': conversión de 'int' a 'float'; posible pérdida de datos
C:\Users\Vanessa\Documents\GRAFICAS\OGL_TEMPLATE\OGL_ENGINE\OGL_ENGINE\include\engine\Objectives.h(4,13): warning C4081: se esperaba 'newline'; se encontró ';'
C:\Users\Vanessa\Documents\GRAFICAS\OGL_TEMPLATE\OGL_ENGINE\OGL_ENGINE\include\engine\Plane.h(63,22): warning C4244: '=': conversión de 'int' a 'float'; posible pérdida de datos
C:\Users\Vanessa\Documents\GRAFICAS\OGL_TEMPLATE\OGL_ENGINE\OGL_ENGINE\include\engine\Plane.h(64,23): warning C4244: '=': conversión de 'int' a 'float'; posible pérdida de datos
C:\Users\Vanessa\Documents\GRAFICAS\OGL_TEMPLATE\OGL_ENGINE\OGL_ENGINE\include\engine\Plane.h(73,49): warning C4244: 'argumento': conversión de 'int' a 'float'; posible pérdida de datos
C:\Users\Vanessa\Documents\GRAFICAS\OGL_TEMPLATE\OGL_ENGINE\OGL_ENGINE\include\engine\Plane.h(73,36): warning C4244: 'argumento': conversión de 'int' a 'float'; posible pérdida de datos
C:\Users\Vanessa\Documents\GRAFICAS\OGL_TEMPLATE\OGL_ENGINE\OGL_ENGINE\include\engine\Plane.h(114,64): warning C4244: 'argumento': conversión de 'float' a 'GLsizei'; posible pérdida de datos
C:\Users\Vanessa\Documents\GRAFICAS\OGL_TEMPLATE\OGL_ENGINE\OGL_ENGINE\include\engine\Plane.h(114,52): warning C4244: 'argumento': conversión de 'float' a 'GLsizei'; posible pérdida de datos
C:\Users\Vanessa\Documents\GRAFICAS\OGL_TEMPLATE\OGL_ENGINE\OGL_ENGINE\include\engine\QuadTexture.h(61,22): warning C4244: '=': conversión de 'int' a 'float'; posible pérdida de datos
C:\Users\Vanessa\Documents\GRAFICAS\OGL_TEMPLATE\OGL_ENGINE\OGL_ENGINE\include\engine\QuadTexture.h(62,23): warning C4244: '=': conversión de 'int' a 'float'; posible pérdida de datos
C:\Users\Vanessa\Documents\GRAFICAS\OGL_TEMPLATE\OGL_ENGINE\OGL_ENGINE\include\engine\QuadTexture.h(71,49): warning C4244: 'argumento': conversión de 'int' a 'float'; posible pérdida de datos
C:\Users\Vanessa\Documents\GRAFICAS\OGL_TEMPLATE\OGL_ENGINE\OGL_ENGINE\include\engine\QuadTexture.h(71,36): warning C4244: 'argumento': conversión de 'int' a 'float'; posible pérdida de datos
C:\Users\Vanessa\Documents\GRAFICAS\OGL_TEMPLATE\OGL_ENGINE\OGL_ENGINE\include\engine\QuadTexture.h(112,64): warning C4244: 'argumento': conversión de 'float' a 'GLsizei'; posible pérdida de datos
C:\Users\Vanessa\Documents\GRAFICAS\OGL_TEMPLATE\OGL_ENGINE\OGL_ENGINE\include\engine\QuadTexture.h(112,52): warning C4244: 'argumento': conversión de 'float' a 'GLsizei'; posible pérdida de datos
C:\Users\Vanessa\Documents\GRAFICAS\OGL_TEMPLATE\OGL_ENGINE\OGL_ENGINE\include\engine\RigidModel.h(1,13): warning C4081: se esperaba 'newline'; se encontró ';'
C:\Users\Vanessa\Documents\GRAFICAS\OGL_TEMPLATE\OGL_ENGINE\OGL_ENGINE\include\engine\mesh.h(111,1): warning C4267: 'argumento': conversión de 'size_t' a 'GLsizei'; posible pérdida de datos
C:\Users\Vanessa\Documents\GRAFICAS\OGL_TEMPLATE\OGL_ENGINE\OGL_ENGINE\include\engine\Terrain.h(52,16): warning C4244: 'inicializando': conversión de 'double' a 'float'; posible pérdida de datos
C:\Users\Vanessa\Documents\GRAFICAS\OGL_TEMPLATE\OGL_ENGINE\OGL_ENGINE\include\engine\Terrain.h(192,1): warning C4267: 'argumento': conversión de 'size_t' a 'GLsizei'; posible pérdida de datos
C:\Users\Vanessa\Documents\GRAFICAS\OGL_TEMPLATE\OGL_ENGINE\OGL_ENGINE\include\engine\textrenderer.h(117,37): warning C4838: la conversión de 'FT_Pos' en 'unsigned int' requiere una conversión de restricción
C:\Users\Vanessa\Documents\GRAFICAS\OGL_TEMPLATE\OGL_ENGINE\OGL_ENGINE\include\engine\variables.h(110,22): warning C4305: 'inicializando': truncamiento de 'double' a 'float'
C:\Users\Vanessa\Documents\GRAFICAS\OGL_TEMPLATE\OGL_ENGINE\OGL_ENGINE\include\engine\functions.h(149,33): warning C4305: '+=': truncamiento de 'double' a 'float'
C:\Users\Vanessa\Documents\GRAFICAS\OGL_TEMPLATE\OGL_ENGINE\OGL_ENGINE\include\engine\functions.h(395,69): warning C4267: 'inicializando': conversión de 'size_t' a 'int'; posible pérdida de datos
C:\Users\Vanessa\Documents\GRAFICAS\OGL_TEMPLATE\OGL_ENGINE\OGL_ENGINE\include\engine\functions.h(443,46): warning C4244: '=': conversión de 'double' a 'T'; posible pérdida de datos
          with
          [
              T=float
          ]
C:\Users\Vanessa\Documents\GRAFICAS\OGL_TEMPLATE\OGL_ENGINE\OGL_ENGINE\include\engine\functions.h(456,46): warning C4244: '=': conversión de 'double' a 'T'; posible pérdida de datos
          with
          [
              T=float
          ]
C:\Users\Vanessa\Documents\GRAFICAS\OGL_TEMPLATE\OGL_ENGINE\OGL_ENGINE\include\engine\functions.h(469,46): warning C4244: '=': conversión de 'double' a 'T'; posible pérdida de datos
          with
          [
              T=float
          ]
C:\Users\Vanessa\Documents\GRAFICAS\OGL_TEMPLATE\OGL_ENGINE\OGL_ENGINE\include\engine\functions.h(560,17): warning C4244: '=': conversión de 'double' a 'float'; posible pérdida de datos
C:\Users\Vanessa\Documents\GRAFICAS\OGL_TEMPLATE\OGL_ENGINE\OGL_ENGINE\include\engine\functions.h(561,17): warning C4244: '=': conversión de 'double' a 'float'; posible pérdida de datos
C:\Users\Vanessa\Documents\GRAFICAS\OGL_TEMPLATE\OGL_ENGINE\OGL_ENGINE\include\engine\functions.h(565,19): warning C4244: 'inicializando': conversión de 'double' a 'float'; posible pérdida de datos
C:\Users\Vanessa\Documents\GRAFICAS\OGL_TEMPLATE\OGL_ENGINE\OGL_ENGINE\include\engine\functions.h(566,19): warning C4244: 'inicializando': conversión de 'double' a 'float'; posible pérdida de datos
C:\Users\Vanessa\Documents\GRAFICAS\OGL_TEMPLATE\OGL_ENGINE\OGL_ENGINE\include\engine\functions.h(568,13): warning C4244: '=': conversión de 'double' a 'float'; posible pérdida de datos
C:\Users\Vanessa\Documents\GRAFICAS\OGL_TEMPLATE\OGL_ENGINE\OGL_ENGINE\include\engine\functions.h(569,13): warning C4244: '=': conversión de 'double' a 'float'; posible pérdida de datos
C:\Users\Vanessa\Documents\GRAFICAS\OGL_TEMPLATE\OGL_ENGINE\OGL_ENGINE\include\engine\functions.h(591,21): warning C4244: '=': conversión de 'double' a 'float'; posible pérdida de datos
C:\Users\Vanessa\Documents\GRAFICAS\OGL_TEMPLATE\OGL_ENGINE\OGL_ENGINE\include\engine\functions.h(592,21): warning C4244: '=': conversión de 'double' a 'float'; posible pérdida de datos
C:\Users\Vanessa\Documents\GRAFICAS\OGL_TEMPLATE\OGL_ENGINE\OGL_ENGINE\include\engine\functions.h(596,23): warning C4244: 'inicializando': conversión de 'double' a 'float'; posible pérdida de datos
C:\Users\Vanessa\Documents\GRAFICAS\OGL_TEMPLATE\OGL_ENGINE\OGL_ENGINE\include\engine\functions.h(597,23): warning C4244: 'inicializando': conversión de 'double' a 'float'; posible pérdida de datos
C:\Users\Vanessa\Documents\GRAFICAS\OGL_TEMPLATE\OGL_ENGINE\OGL_ENGINE\include\engine\functions.h(599,17): warning C4244: '=': conversión de 'double' a 'float'; posible pérdida de datos
C:\Users\Vanessa\Documents\GRAFICAS\OGL_TEMPLATE\OGL_ENGINE\OGL_ENGINE\include\engine\functions.h(600,17): warning C4244: '=': conversión de 'double' a 'float'; posible pérdida de datos
C:\Users\Vanessa\Documents\GRAFICAS\OGL_TEMPLATE\OGL_ENGINE\OGL_ENGINE\include\engine\functions.h(619,31): warning C4244: 'argumento': conversión de 'double' a 'float'; posible pérdida de datos
C:\Users\Vanessa\Documents\GRAFICAS\OGL_TEMPLATE\OGL_ENGINE\OGL_ENGINE\main.cpp(68,28): warning C4244: 'inicializando': conversión de 'double' a 'float'; posible pérdida de datos
C:\Users\Vanessa\Documents\GRAFICAS\OGL_TEMPLATE\OGL_ENGINE\OGL_ENGINE\main.cpp(71,28): warning C4305: '+=': truncamiento de 'double' a 'float'
C:\Users\Vanessa\Documents\GRAFICAS\OGL_TEMPLATE\OGL_ENGINE\OGL_ENGINE\main.cpp(292,50): warning C4305: 'argumento': truncamiento de 'double' a 'float'
C:\Users\Vanessa\Documents\GRAFICAS\OGL_TEMPLATE\OGL_ENGINE\OGL_ENGINE\main.cpp(293,54): warning C4305: 'argumento': truncamiento de 'double' a 'float'
C:\Users\Vanessa\Documents\GRAFICAS\OGL_TEMPLATE\OGL_ENGINE\OGL_ENGINE\main.cpp(303,50): warning C4305: 'argumento': truncamiento de 'double' a 'float'
C:\Users\Vanessa\Documents\GRAFICAS\OGL_TEMPLATE\OGL_ENGINE\OGL_ENGINE\main.cpp(304,54): warning C4305: 'argumento': truncamiento de 'double' a 'float'
C:\Users\Vanessa\Documents\GRAFICAS\OGL_TEMPLATE\OGL_ENGINE\OGL_ENGINE\main.cpp(314,50): warning C4305: 'argumento': truncamiento de 'double' a 'float'
C:\Users\Vanessa\Documents\GRAFICAS\OGL_TEMPLATE\OGL_ENGINE\OGL_ENGINE\main.cpp(315,54): warning C4305: 'argumento': truncamiento de 'double' a 'float'
LINK : warning LNK4098: la biblioteca predeterminada'MSVCRT' entra en conflicto con otras bibliotecas; use la biblioteca /NODEFAULTLIB:biblioteca
  OGL_ENGINE.vcxproj -> C:\Users\Vanessa\Documents\GRAFICAS\OGL_TEMPLATE\OGL_ENGINE\x64\Debug\OGL_ENGINE.exe
